[DEBUG](tests/bstring_tests.c) ---- RUNNING: ./tests/bstring_tests.tst
[DEBUG](tests/bstring_tests.c) 
----- test_bfromcstr
[DEBUG](tests/bstring_tests.c) ---- RUNNING: ./tests/bstring_tests.tst
[DEBUG](tests/bstring_tests.c) 
----- test_bfromcstr
[DEBUG](tests/bstring_tests.c) 
----- test_blk2bstr
[ERROR] (tests/bstring_tests.c:test_blk2bstr:20: errno: None) Wrong blk2bstr.
[DEBUG](tests/bstring_tests.c) ---- RUNNING: ./tests/bstring_tests.tst
[DEBUG](tests/bstring_tests.c) 
----- test_bfromcstr
[DEBUG](tests/bstring_tests.c) 
----- test_blk2bstr
[ERROR] (tests/bstring_tests.c:test_blk2bstr:24: errno: None) Wrong blk2bstr.
[DEBUG](tests/bstring_tests.c) ---- RUNNING: ./tests/bstring_tests.tst
[DEBUG](tests/bstring_tests.c) 
----- test_bfromcstr
[DEBUG](tests/bstring_tests.c) 
----- test_blk2bstr
[ERROR] (tests/bstring_tests.c:test_blk2bstr:24: errno: None) Wrong blk2bstr.
[DEBUG](tests/bstring_tests.c) ---- RUNNING: ./tests/bstring_tests.tst
[DEBUG](tests/bstring_tests.c) 
----- test_bfromcstr
[DEBUG](tests/bstring_tests.c) 
----- test_blk2bstr
[ERROR] (tests/bstring_tests.c:test_blk2bstr:24: errno: None) Wrong blk2bstr.
[DEBUG](tests/bstring_tests.c) ---- RUNNING: ./tests/bstring_tests.tst
[DEBUG](tests/bstring_tests.c) 
----- test_bfromcstr
[DEBUG](tests/bstring_tests.c) 
----- test_blk2bstr
[ERROR] (tests/bstring_tests.c:test_blk2bstr:24: errno: None) Wrong blk2bstr.
[DEBUG](tests/bstring_tests.c) ---- RUNNING: ./tests/bstring_tests.tst
[DEBUG](tests/bstring_tests.c) 
----- test_bfromcstr
[DEBUG](tests/bstring_tests.c) 
----- test_blk2bstr
[ERROR] (tests/bstring_tests.c:test_blk2bstr:24: errno: None) Wrong blk2bstr.
[DEBUG](tests/bstring_tests.c) ---- RUNNING: ./tests/bstring_tests.tst
[DEBUG](tests/bstring_tests.c) 
----- test_bfromcstr
[DEBUG](tests/bstring_tests.c) 
----- test_blk2bstr
[DEBUG](tests/bstring_tests.c) ---- RUNNING: ./tests/bstring_tests.tst
[DEBUG](tests/bstring_tests.c) 
----- test_bfromcstr
[DEBUG](tests/bstring_tests.c) 
----- test_blk2bstr
[DEBUG](tests/bstring_tests.c) 
----- test_cpy_assign
[ERROR] (tests/bstring_tests.c:test_cpy_assign:35: errno: None) Wrong assign.
[DEBUG](tests/bstring_tests.c) ---- RUNNING: ./tests/bstring_tests.tst
[DEBUG](tests/bstring_tests.c) 
----- test_bfromcstr
[DEBUG](tests/bstring_tests.c) 
----- test_blk2bstr
[DEBUG](tests/bstring_tests.c) 
----- test_cpy_assign
[ERROR] (tests/bstring_tests.c:test_cpy_assign:41: errno: None) Wrong assigncstr.
[DEBUG](tests/bstring_tests.c) ---- RUNNING: ./tests/bstring_tests.tst
[DEBUG](tests/bstring_tests.c) 
----- test_bfromcstr
[DEBUG](tests/bstring_tests.c) 
----- test_blk2bstr
[DEBUG](tests/bstring_tests.c) 
----- test_cpy_assign
[ERROR] (tests/bstring_tests.c:test_cpy_assign:46: errno: None) Wrong assigncstr.
[DEBUG](tests/bstring_tests.c) ---- RUNNING: ./tests/bstring_tests.tst
[DEBUG](tests/bstring_tests.c) 
----- test_bfromcstr
[DEBUG](tests/bstring_tests.c) 
----- test_blk2bstr
[DEBUG](tests/bstring_tests.c) 
----- test_cpy_assign
[DEBUG](tests/bstring_tests.c) ---- RUNNING: ./tests/bstring_tests.tst
[DEBUG](tests/bstring_tests.c) 
----- test_bfromcstr
[DEBUG](tests/bstring_tests.c) 
----- test_blk2bstr
[DEBUG](tests/bstring_tests.c) 
----- test_cpy_assign
[DEBUG](tests/hashmap_tests.c) ---- RUNNING: ./tests/hashmap_tests.tst
[DEBUG](tests/hashmap_tests.c) 
----- test_create
[DEBUG](tests/hashmap_tests.c) ---- RUNNING: ./tests/hashmap_tests.tst
[DEBUG](tests/hashmap_tests.c) 
----- test_create
[DEBUG](tests/hashmap_tests.c) 
----- test_destroy
[ERROR] (tests/hashmap_tests.c:test_destroy:19: errno: None) Destroy failed
[DEBUG](tests/hashmap_tests.c) ---- RUNNING: ./tests/hashmap_tests.tst
[DEBUG](tests/hashmap_tests.c) 
----- test_create
[DEBUG](tests/hashmap_tests.c) 
----- test_destroy
[DEBUG](tests/hashmap_tests.c) ---- RUNNING: ./tests/hashmap_tests.tst
[DEBUG](tests/hashmap_tests.c) 
----- test_create
[DEBUG](tests/hashmap_tests.c) 
----- test_destroy
[DEBUG](tests/hashmap_tests.c) ---- RUNNING: ./tests/hashmap_tests.tst
[DEBUG](tests/hashmap_tests.c) 
----- test_create
[DEBUG](tests/hashmap_tests.c) 
----- test_destroy
[DEBUG](tests/hashmap_tests.c) 
----- test_get_set
Segmentation fault (core dumped)
[DEBUG](tests/hashmap_tests.c) ---- RUNNING: ./tests/hashmap_tests.tst
[DEBUG](tests/hashmap_tests.c) 
----- test_create
[DEBUG](tests/hashmap_tests.c) 
----- test_destroy
[DEBUG](tests/hashmap_tests.c) 
----- test_get_set
Segmentation fault (core dumped)
[DEBUG](tests/hashmap_tests.c) ---- RUNNING: ./tests/hashmap_tests.tst
[DEBUG](tests/hashmap_tests.c) 
----- test_create
[DEBUG](tests/hashmap_tests.c) 
----- test_destroy
[DEBUG](tests/hashmap_tests.c) 
----- test_get_set
Segmentation fault (core dumped)
[DEBUG](tests/hashmap_tests.c) ---- RUNNING: ./tests/hashmap_tests.tst
[DEBUG](tests/hashmap_tests.c) 
----- test_create
[DEBUG](tests/hashmap_tests.c) 
----- test_get_set
[DEBUG](src/lcthw/hashmap.c) TRY: 0
[DEBUG](src/lcthw/hashmap.c) TRY: 0
[DEBUG](src/lcthw/hashmap.c) TRY: 0
[DEBUG](tests/hashmap_tests.c) 
----- test_destroy
[DEBUG](tests/hashmap_tests.c) ---- RUNNING: ./tests/hashmap_tests.tst
[DEBUG](tests/hashmap_tests.c) 
----- test_create
[DEBUG](tests/hashmap_tests.c) 
----- test_get_set
[DEBUG](src/lcthw/hashmap.c) TRY: 0
[DEBUG](src/lcthw/hashmap.c) TRY: 0
[DEBUG](src/lcthw/hashmap.c) TRY: 0
[DEBUG](tests/hashmap_tests.c) 
----- test_traverse
[DEBUG](tests/hashmap_tests.c) KEY: test data 3
[DEBUG](tests/hashmap_tests.c) KEY: test data 1
[DEBUG](tests/hashmap_tests.c) KEY: test data 2
[DEBUG](tests/hashmap_tests.c) KEY: test data 3
[DEBUG](tests/hashmap_tests.c) KEY: test data 1
[DEBUG](tests/hashmap_tests.c) 
----- test_destroy
[DEBUG](tests/hashmap_tests.c) ---- RUNNING: ./tests/hashmap_tests.tst
[DEBUG](tests/hashmap_tests.c) 
----- test_create
[DEBUG](tests/hashmap_tests.c) 
----- test_get_set
[DEBUG](src/lcthw/hashmap.c) TRY: 0
[DEBUG](src/lcthw/hashmap.c) TRY: 0
[DEBUG](src/lcthw/hashmap.c) TRY: 0
[DEBUG](tests/hashmap_tests.c) 
----- test_traverse
[DEBUG](tests/hashmap_tests.c) KEY: test data 3
[DEBUG](tests/hashmap_tests.c) KEY: test data 1
[DEBUG](tests/hashmap_tests.c) KEY: test data 2
[DEBUG](tests/hashmap_tests.c) KEY: test data 3
[DEBUG](tests/hashmap_tests.c) KEY: test data 1
[DEBUG](tests/hashmap_tests.c) 
----- test_delete
[DEBUG](src/lcthw/hashmap.c) TRY: 0
[DEBUG](src/lcthw/hashmap.c) TRY: 0
[DEBUG](src/lcthw/hashmap.c) TRY: 0
[DEBUG](tests/hashmap_tests.c) 
----- test_destroy
[DEBUG](tests/hashmap_tests.c) ---- RUNNING: ./tests/hashmap_tests.tst
[DEBUG](tests/hashmap_tests.c) 
----- test_create
[DEBUG](tests/hashmap_tests.c) 
----- test_get_set
[DEBUG](src/lcthw/hashmap.c) TRY: 0
[DEBUG](src/lcthw/hashmap.c) TRY: 0
[DEBUG](src/lcthw/hashmap.c) TRY: 0
[DEBUG](tests/hashmap_tests.c) 
----- test_traverse
[DEBUG](tests/hashmap_tests.c) KEY: test data 3
[DEBUG](tests/hashmap_tests.c) KEY: test data 1
[DEBUG](tests/hashmap_tests.c) KEY: test data 2
[DEBUG](tests/hashmap_tests.c) KEY: test data 3
[DEBUG](tests/hashmap_tests.c) KEY: test data 1
[DEBUG](tests/hashmap_tests.c) 
----- test_delete
[DEBUG](src/lcthw/hashmap.c) TRY: 0
[DEBUG](src/lcthw/hashmap.c) TRY: 0
[DEBUG](src/lcthw/hashmap.c) TRY: 0
[DEBUG](tests/hashmap_tests.c) 
----- test_destroy
[DEBUG](tests/hashmap_tests.c) ---- RUNNING: ./tests/hashmap_tests.tst
[DEBUG](tests/hashmap_tests.c) 
----- test_create
[DEBUG](tests/hashmap_tests.c) 
----- test_get_set
[DEBUG](src/lcthw/hashmap.c) TRY: 0
[DEBUG](src/lcthw/hashmap.c) TRY: 0
[DEBUG](src/lcthw/hashmap.c) TRY: 0
[DEBUG](src/lcthw/hashmap.c) TRY: 0
[DEBUG](src/lcthw/hashmap.c) TRY: 0
[DEBUG](tests/hashmap_tests.c) 
----- test_traverse
[DEBUG](tests/hashmap_tests.c) KEY: test data 3
[DEBUG](tests/hashmap_tests.c) KEY: test data 1
[DEBUG](tests/hashmap_tests.c) KEY: test data 2
[DEBUG](tests/hashmap_tests.c) KEY: test data 3
[DEBUG](tests/hashmap_tests.c) KEY: test data 1
[DEBUG](tests/hashmap_tests.c) 
----- test_delete
[DEBUG](src/lcthw/hashmap.c) TRY: 0
[DEBUG](src/lcthw/hashmap.c) TRY: 0
[DEBUG](src/lcthw/hashmap.c) TRY: 0
[DEBUG](tests/hashmap_tests.c) 
----- test_destroy
[DEBUG](tests/hashmap_tests.c) ---- RUNNING: ./tests/hashmap_tests.tst
[DEBUG](tests/hashmap_tests.c) 
----- test_create
[DEBUG](tests/hashmap_tests.c) 
----- test_get_set
[DEBUG](src/lcthw/hashmap.c) TRY: 0
[DEBUG](src/lcthw/hashmap.c) TRY: 0
[DEBUG](src/lcthw/hashmap.c) TRY: 0
[DEBUG](src/lcthw/hashmap.c) TRY: 0
[DEBUG](src/lcthw/hashmap.c) TRY: 0
[DEBUG](tests/hashmap_tests.c) 
----- test_traverse
[DEBUG](tests/hashmap_tests.c) KEY: test data 3
[DEBUG](tests/hashmap_tests.c) KEY: test data 1
[DEBUG](tests/hashmap_tests.c) KEY: test data 2
[DEBUG](tests/hashmap_tests.c) KEY: test data 3
[DEBUG](tests/hashmap_tests.c) KEY: test data 1
[DEBUG](tests/hashmap_tests.c) 
----- test_delete
[DEBUG](src/lcthw/hashmap.c) TRY: 0
[DEBUG](src/lcthw/hashmap.c) TRY: 0
[DEBUG](src/lcthw/hashmap.c) TRY: 0
[DEBUG](tests/hashmap_tests.c) 
----- test_destroy
[DEBUG](tests/hashmap_algos_tests.c) ---- RUNNING: ./tests/hashmap_algos_tests.tst
[DEBUG](tests/hashmap_algos_tests.c) 
----- test_fnv1a
[DEBUG](tests/hashmap_algos_tests.c) 
----- test_adler32
[DEBUG](tests/hashmap_algos_tests.c) 
----- test_djb
[DEBUG](tests/hashmap_algos_tests.c) 
----- test_distribution
FNV	A32	DJB
984	930	995
970	1008	1001
969	947	1058
1050	1026	1006
1010	977	1019
1004	1001	1071
984	972	1035
1023	963	968
938	1030	1039
1067	975	952
985	994	973
1054	984	1029
944	935	1043
949	1053	953
977	984	993
982	968	998
962	993	1019
993	1031	1013
956	1023	990
1037	979	1030
978	984	994
1026	1009	978
984	975	1030
967	983	1031
993	1011	995
1012	1060	984
975	1014	989
1018	1023	929
1023	1012	964
990	964	997
1082	1065	990
993	1009	1026
930	987	968
1021	969	1006
1046	996	961
973	1010	1050
993	1045	981
1058	1040	992
963	998	945
974	1053	1006
999	1028	1038
1019	1038	992
980	1004	1015
976	985	983
972	1008	969
1011	993	1007
962	994	1041
1017	1009	943
968	980	1011
1036	993	1032
1002	1032	928
969	1001	970
995	932	965
952	1036	965
987	959	1017
965	1020	1041
1008	977	973
989	970	1022
1013	1034	974
1004	1041	995
996	1027	1012
997	1025	1038
1041	958	990
1011	1022	1000
1035	991	990
1035	1021	1026
977	1041	983
1093	982	1030
1034	988	988
1024	1037	1044
987	1058	1027
1041	974	1010
1012	974	982
1005	1048	1031
1001	972	1003
953	1090	1022
1026	961	965
988	913	1042
961	997	960
1003	1039	999
1068	1057	1005
954	1016	1075
971	936	1009
987	1015	994
954	1008	1018
1029	946	936
1064	1013	1004
963	1003	1023
994	1017	938
1012	1002	1012
984	991	944
1008	957	1023
1029	1014	1026
990	1027	985
1002	981	977
1022	1051	991
988	979	948
1022	965	986
1042	945	1047
1036	945	1035
[DEBUG](tests/hashmap_tests.c) ---- RUNNING: ./tests/hashmap_tests.tst
[DEBUG](tests/hashmap_tests.c) 
----- test_create
[DEBUG](tests/hashmap_tests.c) 
----- test_get_set
[DEBUG](src/lcthw/hashmap.c) TRY: 0
[DEBUG](src/lcthw/hashmap.c) TRY: 0
[DEBUG](src/lcthw/hashmap.c) TRY: 0
[DEBUG](src/lcthw/hashmap.c) TRY: 0
[DEBUG](src/lcthw/hashmap.c) TRY: 0
[DEBUG](tests/hashmap_tests.c) 
----- test_traverse
[DEBUG](tests/hashmap_tests.c) KEY: test data 3
[DEBUG](tests/hashmap_tests.c) KEY: test data 1
[DEBUG](tests/hashmap_tests.c) KEY: test data 2
[DEBUG](tests/hashmap_tests.c) KEY: test data 3
[DEBUG](tests/hashmap_tests.c) KEY: test data 1
[DEBUG](tests/hashmap_tests.c) 
----- test_delete
[DEBUG](src/lcthw/hashmap.c) TRY: 0
[DEBUG](src/lcthw/hashmap.c) TRY: 0
[DEBUG](src/lcthw/hashmap.c) TRY: 0
[DEBUG](tests/hashmap_tests.c) 
----- test_destroy
[DEBUG](tests/hashmap_algos_tests.c) ---- RUNNING: ./tests/hashmap_algos_tests.tst
[DEBUG](tests/hashmap_algos_tests.c) 
----- test_fnv1a
[DEBUG](tests/hashmap_algos_tests.c) 
----- test_adler32
[DEBUG](tests/hashmap_algos_tests.c) 
----- test_djb
[DEBUG](tests/hashmap_algos_tests.c) 
----- test_distribution
FNV	A32	DJB
1013	973	1007
989	1012	1044
954	1012	1038
964	996	1025
975	1007	1016
1013	974	1004
972	1029	1023
1046	1016	1019
1013	994	993
1022	1006	1009
1054	991	1030
1073	1002	996
1023	1024	1008
959	995	1026
1032	1024	1001
982	974	998
978	964	984
936	1031	958
978	1047	1003
1021	987	966
1022	1041	1002
948	958	1046
1013	1005	1017
1021	1022	952
1050	981	1076
1065	1011	976
952	965	966
906	1007	942
1029	969	1056
995	1029	1001
1025	1015	1044
952	978	973
1057	1042	981
984	990	987
993	991	1019
1002	1016	1010
957	983	1010
970	1010	1025
993	994	1036
996	980	1039
1031	1003	956
974	960	1003
1017	1047	1002
973	998	1034
952	986	1021
978	989	1036
1043	1038	1027
998	1018	964
1008	1048	1012
1037	1029	960
1017	1018	1011
1004	1012	1018
1022	1006	998
1056	996	966
986	1036	951
987	956	1022
956	991	989
998	1010	992
1028	996	958
998	933	991
938	1008	939
1022	1036	993
993	1001	967
967	989	980
1051	1039	1001
986	985	1038
1029	996	962
948	1051	988
1085	1020	976
978	997	948
1012	995	1016
1012	998	1000
995	974	1006
956	971	968
951	1025	1004
1013	953	979
958	982	994
956	1019	1020
945	1006	1047
1044	1022	976
994	1054	974
976	1021	1007
1067	987	1032
1005	952	983
1001	1031	982
1002	962	983
1002	990	1029
1027	980	995
983	966	1035
1008	957	1011
984	945	1010
984	981	956
1034	989	1018
995	1008	982
984	991	992
990	1000	1038
1005	968	1009
993	996	969
1043	1010	969
1094	1030	1007
[DEBUG](tests/hashmap_tests.c) ---- RUNNING: ./tests/hashmap_tests.tst
[DEBUG](tests/hashmap_tests.c) 
----- test_create
[DEBUG](tests/hashmap_tests.c) 
----- test_get_set
[DEBUG](src/lcthw/hashmap.c) TRY: 0
[DEBUG](src/lcthw/hashmap.c) TRY: 0
[DEBUG](src/lcthw/hashmap.c) TRY: 0
[DEBUG](src/lcthw/hashmap.c) TRY: 0
[DEBUG](src/lcthw/hashmap.c) TRY: 0
[DEBUG](tests/hashmap_tests.c) 
----- test_traverse
[DEBUG](tests/hashmap_tests.c) KEY: test data 3
[DEBUG](tests/hashmap_tests.c) KEY: test data 1
[DEBUG](tests/hashmap_tests.c) KEY: test data 2
[DEBUG](tests/hashmap_tests.c) KEY: test data 3
[DEBUG](tests/hashmap_tests.c) KEY: test data 1
[DEBUG](tests/hashmap_tests.c) 
----- test_delete
[DEBUG](src/lcthw/hashmap.c) TRY: 0
[DEBUG](src/lcthw/hashmap.c) TRY: 0
[DEBUG](src/lcthw/hashmap.c) TRY: 0
[DEBUG](tests/hashmap_tests.c) 
----- test_destroy
[DEBUG](tests/hashmap_algos_tests.c) ---- RUNNING: ./tests/hashmap_algos_tests.tst
[DEBUG](tests/hashmap_algos_tests.c) 
----- test_fnv1a
[DEBUG](tests/hashmap_algos_tests.c) 
----- test_adler32
[DEBUG](tests/hashmap_algos_tests.c) 
----- test_djb
[DEBUG](tests/hashmap_algos_tests.c) 
----- test_distribution
FNV	A32	DJB
981	1044	999
934	968	969
1000	1035	963
955	987	971
1002	965	977
1016	1026	960
999	1048	936
986	980	944
990	1052	1070
975	1047	999
1046	1016	1001
982	1008	941
975	1039	1039
984	976	1013
1021	1012	1008
983	992	955
988	995	1027
997	1038	1013
1004	993	1035
948	953	1005
949	995	990
1013	951	1028
972	999	1023
1027	1019	1042
1026	966	1008
954	1024	1009
974	975	985
952	993	951
974	1045	960
990	1000	1075
1067	1053	989
987	926	982
1041	992	982
1002	1033	971
997	998	971
1028	957	994
1082	1027	1017
1029	1007	1035
998	1002	1005
1021	1005	1003
1032	1030	1028
1028	972	1009
1012	1017	1032
1008	977	1008
971	988	1009
1004	982	978
964	1007	1001
993	943	949
1021	1001	1031
1023	991	1023
1002	999	962
1024	1055	957
1056	998	980
953	984	963
984	1019	1038
1001	954	1010
1009	1000	974
974	999	1038
1043	1005	1003
967	994	1037
1012	998	1033
960	1034	929
975	970	1001
1035	1013	1005
968	1003	963
1008	1034	944
988	999	1000
980	1014	1044
996	989	986
1004	999	1000
1015	973	1035
1003	987	994
1031	959	1037
954	1041	988
1015	1021	1012
1040	980	1005
1031	1008	978
1011	977	1004
988	976	1004
990	978	1003
1044	969	952
988	974	1000
1019	991	1012
959	980	938
1008	990	982
1010	1006	1009
1039	964	1059
1001	1021	1053
1027	1071	1077
1014	976	995
1000	988	982
1054	971	966
968	1042	1035
982	968	1077
1041	1035	1024
999	1039	927
928	1009	1041
963	1008	986
1013	1016	1030
1021	973	1015
[DEBUG](tests/hashmap_tests.c) ---- RUNNING: ./tests/hashmap_tests.tst
[DEBUG](tests/hashmap_tests.c) 
----- test_create
[DEBUG](tests/hashmap_tests.c) 
----- test_get_set
[DEBUG](src/lcthw/hashmap.c) TRY: 0
[DEBUG](src/lcthw/hashmap.c) TRY: 0
[DEBUG](src/lcthw/hashmap.c) TRY: 0
[DEBUG](src/lcthw/hashmap.c) TRY: 0
[DEBUG](src/lcthw/hashmap.c) TRY: 0
[DEBUG](tests/hashmap_tests.c) 
----- test_traverse
[DEBUG](tests/hashmap_tests.c) KEY: test data 3
[DEBUG](tests/hashmap_tests.c) KEY: test data 1
[DEBUG](tests/hashmap_tests.c) KEY: test data 2
[DEBUG](tests/hashmap_tests.c) KEY: test data 3
[DEBUG](tests/hashmap_tests.c) KEY: test data 1
[DEBUG](tests/hashmap_tests.c) 
----- test_delete
[DEBUG](src/lcthw/hashmap.c) TRY: 0
[DEBUG](src/lcthw/hashmap.c) TRY: 0
[DEBUG](src/lcthw/hashmap.c) TRY: 0
[DEBUG](tests/hashmap_tests.c) 
----- test_destroy
[DEBUG](tests/hashmap_algos_tests.c) ---- RUNNING: ./tests/hashmap_algos_tests.tst
[DEBUG](tests/hashmap_algos_tests.c) 
----- test_fnv1a
[DEBUG](tests/hashmap_algos_tests.c) 
----- test_adler32
[DEBUG](tests/hashmap_algos_tests.c) 
----- test_djb
[DEBUG](tests/hashmap_algos_tests.c) 
----- test_distribution
FNV	A32	DJB
1008	996	1008
899	971	1005
1018	978	960
1015	1025	964
993	1000	1023
1028	984	977
957	1064	1029
957	972	1008
1001	930	986
1022	1023	1017
981	994	994
938	999	1022
913	1000	942
1009	1003	1034
1028	1031	1014
1038	984	971
1004	959	1013
1031	990	986
1021	1010	990
944	1010	1033
952	974	982
1026	1001	1003
965	980	993
953	961	1009
1004	1006	975
1014	1017	1066
1037	987	1014
972	993	984
939	1036	1011
1022	1028	980
979	1011	1016
1026	1022	995
1012	988	1024
982	958	995
1057	984	976
1048	1018	1031
1060	980	1054
967	1017	979
1017	999	1000
986	1040	980
978	982	985
1027	957	1024
991	970	1025
1000	997	1017
990	1030	985
1017	985	1027
996	959	979
988	965	1015
1002	1011	1039
1023	1045	999
978	965	984
1006	1016	963
1007	1008	960
995	966	983
986	1024	974
1064	1004	1057
986	1042	1008
989	1038	1012
1026	1045	1098
972	1003	1021
1020	961	1006
981	970	995
1011	950	953
1000	1018	1031
1025	965	1003
999	1031	1018
995	976	945
966	1059	1015
987	977	986
1008	1033	965
982	971	968
1001	1004	985
987	994	978
986	960	1022
990	1025	996
995	988	970
981	962	970
990	981	1014
1050	1013	972
1049	1025	1000
968	1029	952
1043	1009	993
1028	985	1028
998	1015	1032
940	1051	1042
968	988	1010
1005	997	1004
1018	1021	975
999	1034	1035
1017	977	941
1047	1004	1040
1042	1002	1005
999	1034	968
1004	1016	963
1028	995	986
1024	1012	970
930	976	990
1026	1041	981
1011	1027	1006
1058	989	1089
[DEBUG](tests/hashmap_tests.c) ---- RUNNING: ./tests/hashmap_tests.tst
[DEBUG](tests/hashmap_tests.c) 
----- test_create
[DEBUG](tests/hashmap_tests.c) 
----- test_get_set
[DEBUG](src/lcthw/hashmap.c) TRY: 0
[DEBUG](src/lcthw/hashmap.c) TRY: 0
[DEBUG](src/lcthw/hashmap.c) TRY: 0
[DEBUG](src/lcthw/hashmap.c) TRY: 0
[DEBUG](src/lcthw/hashmap.c) TRY: 0
[DEBUG](tests/hashmap_tests.c) 
----- test_traverse
[DEBUG](tests/hashmap_tests.c) KEY: test data 3
[DEBUG](tests/hashmap_tests.c) KEY: test data 1
[DEBUG](tests/hashmap_tests.c) KEY: test data 2
[DEBUG](tests/hashmap_tests.c) KEY: test data 3
[DEBUG](tests/hashmap_tests.c) KEY: test data 1
[DEBUG](tests/hashmap_tests.c) 
----- test_delete
[DEBUG](src/lcthw/hashmap.c) TRY: 0
[DEBUG](src/lcthw/hashmap.c) TRY: 0
[DEBUG](src/lcthw/hashmap.c) TRY: 0
[DEBUG](tests/hashmap_tests.c) 
----- test_destroy
[DEBUG](tests/bstring_tests.c) ---- RUNNING: ./tests/bstring_tests.tst
[DEBUG](tests/bstring_tests.c) 
----- test_bfromcstr
[DEBUG](tests/bstring_tests.c) 
----- test_blk2bstr
[DEBUG](tests/bstring_tests.c) 
----- test_cpy_assign
[DEBUG](tests/string_algos_tests.c) ---- RUNNING: ./tests/string_algos_tests.tst
[DEBUG](tests/string_algos_tests.c) 
----- test_find_and_scan
[DEBUG](tests/bstring_tests.c) ---- RUNNING: ./tests/bstring_tests.tst
[DEBUG](tests/bstring_tests.c) 
----- test_bfromcstr
[DEBUG](tests/bstring_tests.c) 
----- test_blk2bstr
[DEBUG](tests/bstring_tests.c) 
----- test_cpy_assign
[DEBUG](tests/string_algos_tests.c) ---- RUNNING: ./tests/string_algos_tests.tst
[DEBUG](tests/string_algos_tests.c) 
----- test_find_and_scan
[DEBUG](tests/bstring_tests.c) ---- RUNNING: ./tests/bstring_tests.tst
[DEBUG](tests/bstring_tests.c) 
----- test_bfromcstr
[DEBUG](tests/bstring_tests.c) 
----- test_blk2bstr
[DEBUG](tests/bstring_tests.c) 
----- test_cpy_assign
[DEBUG](tests/string_algos_tests.c) ---- RUNNING: ./tests/string_algos_tests.tst
[DEBUG](tests/string_algos_tests.c) 
----- test_find_and_scan
[DEBUG](tests/bstring_tests.c) ---- RUNNING: ./tests/bstring_tests.tst
[DEBUG](tests/bstring_tests.c) 
----- test_bfromcstr
[DEBUG](tests/bstring_tests.c) 
----- test_blk2bstr
[DEBUG](tests/bstring_tests.c) 
----- test_cpy_assign
[DEBUG](tests/string_algos_tests.c) ---- RUNNING: ./tests/string_algos_tests.tst
[DEBUG](tests/string_algos_tests.c) 
----- test_find_and_scan
[ERROR] (tests/string_algos_tests.c:test_find_and_scan:20: errno: None) Failed to fond 'ALPHA' in scanner
[DEBUG](tests/bstring_tests.c) ---- RUNNING: ./tests/bstring_tests.tst
[DEBUG](tests/bstring_tests.c) 
----- test_bfromcstr
[DEBUG](tests/bstring_tests.c) 
----- test_blk2bstr
[DEBUG](tests/bstring_tests.c) 
----- test_cpy_assign
[DEBUG](tests/string_algos_tests.c) ---- RUNNING: ./tests/string_algos_tests.tst
[DEBUG](tests/string_algos_tests.c) 
----- test_find_and_scan
[ERROR] (tests/string_algos_tests.c:test_find_and_scan:17: errno: None) Failed to find 'APLHA' in test string
[DEBUG](tests/bstring_tests.c) ---- RUNNING: ./tests/bstring_tests.tst
[DEBUG](tests/bstring_tests.c) 
----- test_bfromcstr
[DEBUG](tests/bstring_tests.c) 
----- test_blk2bstr
[DEBUG](tests/bstring_tests.c) 
----- test_cpy_assign
[DEBUG](tests/string_algos_tests.c) ---- RUNNING: ./tests/string_algos_tests.tst
[DEBUG](tests/string_algos_tests.c) 
----- test_find_and_scan
[DEBUG](tests/bstring_tests.c) ---- RUNNING: ./tests/bstring_tests.tst
[DEBUG](tests/bstring_tests.c) 
----- test_bfromcstr
[DEBUG](tests/bstring_tests.c) 
----- test_blk2bstr
[DEBUG](tests/bstring_tests.c) 
----- test_cpy_assign
[DEBUG](tests/string_algos_tests.c) ---- RUNNING: ./tests/string_algos_tests.tst
[DEBUG](tests/string_algos_tests.c) 
----- test_find_and_scan
[DEBUG](tests/string_algos_tests.c) 
----- test_scan_perfomance
[DEBUG](tests/string_algos_tests.c) SCANNER COUNT: 277676800, END TIME: 2, OPS: 138838400.000000
[DEBUG](tests/string_algos_tests.c) 
----- test_find_perfomance
[DEBUG](tests/string_algos_tests.c) FIND COUNT: 35292100, END TIME: 2, OPS: 17646050.000000
[DEBUG](tests/string_algos_tests.c) 
----- test_binstr_perfomance
[DEBUG](tests/string_algos_tests.c) BINSTR COUNT: 144059000, END TIME: 2, OPS: 72029500.000000
[DEBUG](tests/bstring_tests.c) ---- RUNNING: ./tests/bstring_tests.tst
[DEBUG](tests/bstring_tests.c) 
----- test_bfromcstr
[DEBUG](tests/bstring_tests.c) 
----- test_blk2bstr
[DEBUG](tests/bstring_tests.c) 
----- test_cpy_assign
[DEBUG](tests/string_algos_tests.c) ---- RUNNING: ./tests/string_algos_tests.tst
[DEBUG](tests/string_algos_tests.c) 
----- test_find_and_scan
[DEBUG](tests/string_algos_tests.c) 
----- test_scan_perfomance
[DEBUG](tests/string_algos_tests.c) SCANNER COUNT: 355552000, END TIME: 2, OPS: 177776000.000000
[DEBUG](tests/string_algos_tests.c) 
----- test_find_perfomance
[DEBUG](tests/string_algos_tests.c) FIND COUNT: 35258500, END TIME: 2, OPS: 17629250.000000
[DEBUG](tests/string_algos_tests.c) 
----- test_binstr_perfomance
[DEBUG](tests/string_algos_tests.c) BINSTR COUNT: 143809300, END TIME: 2, OPS: 71904650.000000
[DEBUG](tests/algorithm_tests.c) ---- RUNNING: ./tests/algorithm_tests.tst
[DEBUG](tests/algorithm_tests.c) 
----- test_bm
[DEBUG](tests/algorithm_tests.c) ---- RUNNING: ./tests/algorithm_tests.tst
[DEBUG](tests/algorithm_tests.c) 
----- test_bm
[DEBUG](tests/algorithm_tests.c) ---- RUNNING: ./tests/algorithm_tests.tst
[DEBUG](tests/algorithm_tests.c) 
----- test_bm
[ERROR] (tests/algorithm_tests.c:test_bm:17: errno: None) BM failed
[DEBUG](tests/algorithm_tests.c) ---- RUNNING: ./tests/algorithm_tests.tst
[DEBUG](tests/algorithm_tests.c) 
----- test_bm
[ERROR] (tests/algorithm_tests.c:test_bm:17: errno: None) BM failed
[DEBUG](tests/algorithm_tests.c) ---- RUNNING: ./tests/algorithm_tests.tst
[DEBUG](tests/algorithm_tests.c) 
----- test_bm
[ERROR] (tests/algorithm_tests.c:test_bm:17: errno: None) BM failed
[DEBUG](tests/algorithm_tests.c) ---- RUNNING: ./tests/algorithm_tests.tst
[DEBUG](tests/algorithm_tests.c) 
----- test_bm
[ERROR] (tests/algorithm_tests.c:test_bm:17: errno: None) BM failed
[DEBUG](tests/algorithm_tests.c) ---- RUNNING: ./tests/algorithm_tests.tst
[DEBUG](tests/algorithm_tests.c) 
----- test_bm
[DEBUG](tests/algorithm_tests.c) ---- RUNNING: ./tests/algorithm_tests.tst
[DEBUG](tests/algorithm_tests.c) 
----- test_bm
[DEBUG](tests/algorithm_tests.c) ---- RUNNING: ./tests/algorithm_tests.tst
[DEBUG](tests/algorithm_tests.c) 
----- test_bm
[ERROR] (tests/algorithm_tests.c:test_bm:11: errno: None) BM failed
[DEBUG](tests/algorithm_tests.c) ---- RUNNING: ./tests/algorithm_tests.tst
[DEBUG](tests/algorithm_tests.c) 
----- test_bm
[ERROR] (tests/algorithm_tests.c:test_bm:11: errno: None) BM failed
[DEBUG](tests/algorithm_tests.c) ---- RUNNING: ./tests/algorithm_tests.tst
[DEBUG](tests/algorithm_tests.c) 
----- test_bm
[ERROR] (tests/algorithm_tests.c:test_bm:11: errno: None) BM failed
[DEBUG](tests/algorithm_tests.c) ---- RUNNING: ./tests/algorithm_tests.tst
[DEBUG](tests/algorithm_tests.c) 
----- test_bm
[ERROR] (tests/algorithm_tests.c:test_bm:11: errno: None) BM failed
[DEBUG](tests/algorithm_tests.c) ---- RUNNING: ./tests/algorithm_tests.tst
[DEBUG](tests/algorithm_tests.c) 
----- test_bm
[ERROR] (tests/algorithm_tests.c:test_bm:11: errno: None) BM failed
[DEBUG](tests/algorithm_tests.c) ---- RUNNING: ./tests/algorithm_tests.tst
[DEBUG](tests/algorithm_tests.c) 
----- test_bm
[DEBUG](tests/algorithm_tests.c) ---- RUNNING: ./tests/algorithm_tests.tst
[DEBUG](tests/algorithm_tests.c) 
----- test_bm
[DEBUG](tests/algorithm_tests.c) ---- RUNNING: ./tests/algorithm_tests.tst
[DEBUG](tests/algorithm_tests.c) 
----- test_bm_and_kmp
Segmentation fault (core dumped)
[DEBUG](tests/algorithm_tests.c) ---- RUNNING: ./tests/algorithm_tests.tst
[DEBUG](tests/algorithm_tests.c) 
----- test_bm_and_kmp
Segmentation fault (core dumped)
[DEBUG](tests/algorithm_tests.c) ---- RUNNING: ./tests/algorithm_tests.tst
[DEBUG](tests/algorithm_tests.c) 
----- test_bm_and_kmp
Segmentation fault (core dumped)
[DEBUG](tests/algorithm_tests.c) ---- RUNNING: ./tests/algorithm_tests.tst
[DEBUG](tests/algorithm_tests.c) 
----- test_bm_and_kmp
Segmentation fault (core dumped)
[DEBUG](tests/algorithm_tests.c) ---- RUNNING: ./tests/algorithm_tests.tst
[DEBUG](tests/algorithm_tests.c) 
----- test_bm_and_kmp
Segmentation fault (core dumped)
[DEBUG](tests/algorithm_tests.c) ---- RUNNING: ./tests/algorithm_tests.tst
[DEBUG](tests/algorithm_tests.c) 
----- test_bm_and_kmp
[DEBUG](tests/algorithm_tests.c) ---- RUNNING: ./tests/algorithm_tests.tst
[DEBUG](tests/algorithm_tests.c) 
----- test_bm_and_kmp
[DEBUG](tests/algorithm_tests.c) ---- RUNNING: ./tests/algorithm_tests.tst
[DEBUG](tests/algorithm_tests.c) 
----- test_bm_and_kmp
[DEBUG](tests/algorithm_tests.c) 
----- test_bm_speed
Floating point exception (core dumped)
[DEBUG](tests/algorithm_tests.c) ---- RUNNING: ./tests/algorithm_tests.tst
[DEBUG](tests/algorithm_tests.c) 
----- test_bm_and_kmp
[DEBUG](tests/algorithm_tests.c) 
----- test_bm_speed
BM for 100 strings in avrg: 0.000008[DEBUG](tests/algorithm_tests.c) 
----- test_kmp_speed
KMP for 100 strings in avrg: 0.000015[DEBUG](tests/algorithm_tests.c) ---- RUNNING: ./tests/algorithm_tests.tst
[DEBUG](tests/algorithm_tests.c) 
----- test_bm_and_kmp
[DEBUG](tests/algorithm_tests.c) 
----- test_bm_speed
BM for 100 strings in avrg: 0.008526[DEBUG](tests/algorithm_tests.c) 
----- test_kmp_speed
KMP for 100 strings in avrg: 0.008921[DEBUG](tests/algorithm_tests.c) ---- RUNNING: ./tests/algorithm_tests.tst
[DEBUG](tests/algorithm_tests.c) 
----- test_bm_and_kmp
[DEBUG](tests/algorithm_tests.c) 
----- test_bm_speed
BM for 100 strings in avrg: 0.116680[DEBUG](tests/algorithm_tests.c) 
----- test_kmp_speed
KMP for 100 strings in avrg: 0.060962[DEBUG](tests/algorithm_tests.c) ---- RUNNING: ./tests/algorithm_tests.tst
[DEBUG](tests/algorithm_tests.c) 
----- test_bm_and_kmp
[DEBUG](tests/algorithm_tests.c) 
----- test_bm_speed
BM for 100 strings in avrg: 2.780915[DEBUG](tests/algorithm_tests.c) 
----- test_kmp_speed
KMP for 100 strings in avrg: 1.197240[DEBUG](tests/bst_tests.c) ---- RUNNING: ./tests/bst_tests.tst
[DEBUG](tests/bst_tests.c) 
----- test_create
[DEBUG](tests/bst_tests.c) 
----- test_get_set
[DEBUG](tests/bst_tests.c) 
----- test_traverse
[DEBUG](tests/bst_tests.c) KEY: test 3
[DEBUG](tests/bst_tests.c) KEY: test 2
[DEBUG](tests/bst_tests.c) KEY: test 1
[DEBUG](tests/bst_tests.c) KEY: test 3
[DEBUG](tests/bst_tests.c) KEY: test 2
[DEBUG](tests/bst_tests.c) 
----- test_delete
[DEBUG](tests/bst_tests.c) 
----- test_destroy
[DEBUG](tests/bst_tests.c) 
----- test_fuzzing
